<?xml version="1.0" encoding="UTF-8"?>
<!-- Generated by org.testng.reporters.JUnitReportReporter -->
<testsuite hostname="ABIMOHAN" failures="0" tests="1" name="IOS.iosRetail.StatusTest" time="0.001" errors="0" timestamp="2021-09-16T20:33:57 IST" skipped="0">
  <testcase classname="IOS.iosRetail.StatusTest" name="status" time="0.001"/>
  <system-out/>
</testsuite> <!-- IOS.iosRetail.StatusTest -->
