<?xml version="1.0" encoding="UTF-8"?>
<!-- Generated by org.testng.reporters.JUnitReportReporter -->
<testsuite hostname="ABIMOHAN" failures="0" tests="1" name="IOS.iosRetail.QuickSearchTest" time="0.001" errors="0" timestamp="2021-09-16T22:08:19 IST" skipped="0">
  <testcase classname="IOS.iosRetail.QuickSearchTest" name="orderSearch" time="0.001"/>
  <system-out/>
</testsuite> <!-- IOS.iosRetail.QuickSearchTest -->
