<?xml version="1.0" encoding="UTF-8"?>
<!-- Generated by org.testng.reporters.JUnitReportReporter -->
<testsuite hostname="ABIMOHAN" failures="0" tests="1" name="IOS.iosRetail.HITSInquiriesTest" time="0.000" errors="0" timestamp="2021-09-16T20:33:57 IST" skipped="0">
  <testcase classname="IOS.iosRetail.HITSInquiriesTest" name="hitsInquiries" time="0.000"/>
  <system-out/>
</testsuite> <!-- IOS.iosRetail.HITSInquiriesTest -->
