<?xml version="1.0" encoding="UTF-8"?>
<!-- Generated by org.testng.reporters.JUnitReportReporter -->
<testsuite hostname="ABIMOHAN" failures="0" tests="1" name="IOS.iosRetail.SummaryTest" time="0.001" errors="0" timestamp="2021-09-20T20:32:37 IST" skipped="0">
  <testcase classname="IOS.iosRetail.SummaryTest" name="summary" time="0.001"/>
  <system-out/>
</testsuite> <!-- IOS.iosRetail.SummaryTest -->
