<?xml version="1.0" encoding="UTF-8"?>
<!-- Generated by org.testng.reporters.JUnitReportReporter -->
<testsuite hostname="ABIMOHAN" failures="0" tests="1" name="IOS.iosRetail.SubOrderTest" time="0.009" errors="0" timestamp="2021-09-16T20:33:57 IST" skipped="0">
  <testcase classname="IOS.iosRetail.SubOrderTest" name="subOrder" time="0.009"/>
  <system-out/>
</testsuite> <!-- IOS.iosRetail.SubOrderTest -->
