<?xml version="1.0" encoding="UTF-8"?>
<!-- Generated by org.testng.reporters.JUnitReportReporter -->
<testsuite hostname="ABIMOHAN" failures="0" tests="1" name="IOS.iosRetail.QuickSearchTest" time="0.003" errors="0" timestamp="2021-09-13T20:18:53 IST" skipped="0">
  <testcase classname="IOS.iosRetail.QuickSearchTest" name="orderSearch" time="0.003"/>
  <system-out/>
</testsuite> <!-- IOS.iosRetail.QuickSearchTest -->
