<?xml version="1.0" encoding="UTF-8"?>
<!-- Generated by org.testng.reporters.JUnitReportReporter -->
<testsuite hostname="ABIMOHAN" failures="0" tests="1" name="IOS.iosRetail.EscalationTest" time="6.536" errors="0" timestamp="2021-09-21T00:14:09 IST" skipped="0">
  <testcase classname="IOS.iosRetail.EscalationTest" name="escalation" time="6.536"/>
  <system-out/>
</testsuite> <!-- IOS.iosRetail.EscalationTest -->
