<?xml version="1.0" encoding="UTF-8"?>
<!-- Generated by org.testng.reporters.JUnitReportReporter -->
<testsuite hostname="ABIMOHAN" failures="0" tests="1" name="IOS.iosRetail.VlanInfoTest" time="0.002" errors="0" timestamp="2021-09-14T23:28:44 IST" skipped="0">
  <testcase classname="IOS.iosRetail.VlanInfoTest" name="vlanInfo" time="0.002"/>
  <system-out/>
</testsuite> <!-- IOS.iosRetail.VlanInfoTest -->
