<?xml version="1.0" encoding="UTF-8"?>
<!-- Generated by org.testng.reporters.JUnitReportReporter -->
<testsuite hostname="ABIMOHAN" failures="0" tests="1" name="IOS.iosRetail.SummaryTest" time="0.005" errors="0" timestamp="2021-09-14T23:28:44 IST" skipped="0">
  <testcase classname="IOS.iosRetail.SummaryTest" name="summary" time="0.005"/>
  <system-out/>
</testsuite> <!-- IOS.iosRetail.SummaryTest -->
