<?xml version="1.0" encoding="UTF-8"?>
<testsuite xmlns:xsi="http://www.w3.org/2001/XMLSchema-instance" xsi:noNamespaceSchemaLocation="https://maven.apache.org/surefire/maven-surefire-plugin/xsd/surefire-test-report-3.0.xsd" version="3.0" name="TestSuite" time="2.583" tests="8" errors="0" skipped="0" failures="1">
  <properties>
    <property name="sun.desktop" value="windows"/>
    <property name="awt.toolkit" value="sun.awt.windows.WToolkit"/>
    <property name="java.specification.version" value="11"/>
    <property name="sun.cpu.isalist" value="amd64"/>
    <property name="sun.jnu.encoding" value="Cp1252"/>
    <property name="java.class.path" value="C:\Users\ABISHEKMOHAN\git\Framework\IOSUI\target\test-classes;C:\Users\ABISHEKMOHAN\git\Framework\IOSUI\target\classes;C:\Users\ABISHEKMOHAN\.m2\repository\org\seleniumhq\selenium\selenium-java\3.141.59\selenium-java-3.141.59.jar;C:\Users\ABISHEKMOHAN\.m2\repository\org\seleniumhq\selenium\selenium-api\3.141.59\selenium-api-3.141.59.jar;C:\Users\ABISHEKMOHAN\.m2\repository\org\seleniumhq\selenium\selenium-chrome-driver\3.141.59\selenium-chrome-driver-3.141.59.jar;C:\Users\ABISHEKMOHAN\.m2\repository\org\seleniumhq\selenium\selenium-edge-driver\3.141.59\selenium-edge-driver-3.141.59.jar;C:\Users\ABISHEKMOHAN\.m2\repository\org\seleniumhq\selenium\selenium-firefox-driver\3.141.59\selenium-firefox-driver-3.141.59.jar;C:\Users\ABISHEKMOHAN\.m2\repository\org\seleniumhq\selenium\selenium-ie-driver\3.141.59\selenium-ie-driver-3.141.59.jar;C:\Users\ABISHEKMOHAN\.m2\repository\org\seleniumhq\selenium\selenium-opera-driver\3.141.59\selenium-opera-driver-3.141.59.jar;C:\Users\ABISHEKMOHAN\.m2\repository\org\seleniumhq\selenium\selenium-remote-driver\3.141.59\selenium-remote-driver-3.141.59.jar;C:\Users\ABISHEKMOHAN\.m2\repository\org\seleniumhq\selenium\selenium-safari-driver\3.141.59\selenium-safari-driver-3.141.59.jar;C:\Users\ABISHEKMOHAN\.m2\repository\org\seleniumhq\selenium\selenium-support\3.141.59\selenium-support-3.141.59.jar;C:\Users\ABISHEKMOHAN\.m2\repository\net\bytebuddy\byte-buddy\1.8.15\byte-buddy-1.8.15.jar;C:\Users\ABISHEKMOHAN\.m2\repository\org\apache\commons\commons-exec\1.3\commons-exec-1.3.jar;C:\Users\ABISHEKMOHAN\.m2\repository\com\google\guava\guava\25.0-jre\guava-25.0-jre.jar;C:\Users\ABISHEKMOHAN\.m2\repository\com\google\code\findbugs\jsr305\1.3.9\jsr305-1.3.9.jar;C:\Users\ABISHEKMOHAN\.m2\repository\org\checkerframework\checker-compat-qual\2.0.0\checker-compat-qual-2.0.0.jar;C:\Users\ABISHEKMOHAN\.m2\repository\com\google\errorprone\error_prone_annotations\2.1.3\error_prone_annotations-2.1.3.jar;C:\Users\ABISHEKMOHAN\.m2\repository\com\google\j2objc\j2objc-annotations\1.1\j2objc-annotations-1.1.jar;C:\Users\ABISHEKMOHAN\.m2\repository\org\codehaus\mojo\animal-sniffer-annotations\1.14\animal-sniffer-annotations-1.14.jar;C:\Users\ABISHEKMOHAN\.m2\repository\com\squareup\okhttp3\okhttp\3.11.0\okhttp-3.11.0.jar;C:\Users\ABISHEKMOHAN\.m2\repository\com\squareup\okio\okio\1.14.0\okio-1.14.0.jar;C:\Users\ABISHEKMOHAN\.m2\repository\org\testng\testng\7.4.0\testng-7.4.0.jar;C:\Users\ABISHEKMOHAN\.m2\repository\com\beust\jcommander\1.78\jcommander-1.78.jar;C:\Users\ABISHEKMOHAN\.m2\repository\org\webjars\jquery\3.5.1\jquery-3.5.1.jar;"/>
    <property name="java.vm.vendor" value="Oracle Corporation"/>
    <property name="sun.arch.data.model" value="64"/>
    <property name="user.variant" value=""/>
    <property name="java.vendor.url" value="http://java.oracle.com/"/>
    <property name="user.timezone" value="Asia/Calcutta"/>
    <property name="java.vm.specification.version" value="11"/>
    <property name="os.name" value="Windows 10"/>
    <property name="sun.java.launcher" value="SUN_STANDARD"/>
    <property name="user.country" value="IN"/>
    <property name="sun.boot.library.path" value="C:\Program Files\Java\jdk-11.0.1\bin"/>
    <property name="sun.java.command" value="C:\Users\ABISHEKMOHAN\AppData\Local\Temp\surefire7659170134885058345\surefirebooter17427929173052659415.jar C:\Users\ABISHEKMOHAN\AppData\Local\Temp\surefire7659170134885058345 2021-09-16T20-33-50_683-jvmRun1 surefire2788114189834067954tmp surefire_0283132366678774640tmp"/>
    <property name="jdk.debug" value="release"/>
    <property name="surefire.test.class.path" value="C:\Users\ABISHEKMOHAN\git\Framework\IOSUI\target\test-classes;C:\Users\ABISHEKMOHAN\git\Framework\IOSUI\target\classes;C:\Users\ABISHEKMOHAN\.m2\repository\org\seleniumhq\selenium\selenium-java\3.141.59\selenium-java-3.141.59.jar;C:\Users\ABISHEKMOHAN\.m2\repository\org\seleniumhq\selenium\selenium-api\3.141.59\selenium-api-3.141.59.jar;C:\Users\ABISHEKMOHAN\.m2\repository\org\seleniumhq\selenium\selenium-chrome-driver\3.141.59\selenium-chrome-driver-3.141.59.jar;C:\Users\ABISHEKMOHAN\.m2\repository\org\seleniumhq\selenium\selenium-edge-driver\3.141.59\selenium-edge-driver-3.141.59.jar;C:\Users\ABISHEKMOHAN\.m2\repository\org\seleniumhq\selenium\selenium-firefox-driver\3.141.59\selenium-firefox-driver-3.141.59.jar;C:\Users\ABISHEKMOHAN\.m2\repository\org\seleniumhq\selenium\selenium-ie-driver\3.141.59\selenium-ie-driver-3.141.59.jar;C:\Users\ABISHEKMOHAN\.m2\repository\org\seleniumhq\selenium\selenium-opera-driver\3.141.59\selenium-opera-driver-3.141.59.jar;C:\Users\ABISHEKMOHAN\.m2\repository\org\seleniumhq\selenium\selenium-remote-driver\3.141.59\selenium-remote-driver-3.141.59.jar;C:\Users\ABISHEKMOHAN\.m2\repository\org\seleniumhq\selenium\selenium-safari-driver\3.141.59\selenium-safari-driver-3.141.59.jar;C:\Users\ABISHEKMOHAN\.m2\repository\org\seleniumhq\selenium\selenium-support\3.141.59\selenium-support-3.141.59.jar;C:\Users\ABISHEKMOHAN\.m2\repository\net\bytebuddy\byte-buddy\1.8.15\byte-buddy-1.8.15.jar;C:\Users\ABISHEKMOHAN\.m2\repository\org\apache\commons\commons-exec\1.3\commons-exec-1.3.jar;C:\Users\ABISHEKMOHAN\.m2\repository\com\google\guava\guava\25.0-jre\guava-25.0-jre.jar;C:\Users\ABISHEKMOHAN\.m2\repository\com\google\code\findbugs\jsr305\1.3.9\jsr305-1.3.9.jar;C:\Users\ABISHEKMOHAN\.m2\repository\org\checkerframework\checker-compat-qual\2.0.0\checker-compat-qual-2.0.0.jar;C:\Users\ABISHEKMOHAN\.m2\repository\com\google\errorprone\error_prone_annotations\2.1.3\error_prone_annotations-2.1.3.jar;C:\Users\ABISHEKMOHAN\.m2\repository\com\google\j2objc\j2objc-annotations\1.1\j2objc-annotations-1.1.jar;C:\Users\ABISHEKMOHAN\.m2\repository\org\codehaus\mojo\animal-sniffer-annotations\1.14\animal-sniffer-annotations-1.14.jar;C:\Users\ABISHEKMOHAN\.m2\repository\com\squareup\okhttp3\okhttp\3.11.0\okhttp-3.11.0.jar;C:\Users\ABISHEKMOHAN\.m2\repository\com\squareup\okio\okio\1.14.0\okio-1.14.0.jar;C:\Users\ABISHEKMOHAN\.m2\repository\org\testng\testng\7.4.0\testng-7.4.0.jar;C:\Users\ABISHEKMOHAN\.m2\repository\com\beust\jcommander\1.78\jcommander-1.78.jar;C:\Users\ABISHEKMOHAN\.m2\repository\org\webjars\jquery\3.5.1\jquery-3.5.1.jar;"/>
    <property name="sun.cpu.endian" value="little"/>
    <property name="user.home" value="C:\Users\ABISHEKMOHAN"/>
    <property name="user.language" value="en"/>
    <property name="java.specification.vendor" value="Oracle Corporation"/>
    <property name="java.version.date" value="2018-10-16"/>
    <property name="java.home" value="C:\Program Files\Java\jdk-11.0.1"/>
    <property name="file.separator" value="\"/>
    <property name="basedir" value="C:\Users\ABISHEKMOHAN\git\Framework\IOSUI"/>
    <property name="java.vm.compressedOopsMode" value="32-bit"/>
    <property name="line.separator" value="&#10;"/>
    <property name="java.specification.name" value="Java Platform API Specification"/>
    <property name="java.vm.specification.vendor" value="Oracle Corporation"/>
    <property name="java.awt.graphicsenv" value="sun.awt.Win32GraphicsEnvironment"/>
    <property name="surefire.real.class.path" value="C:\Users\ABISHEKMOHAN\AppData\Local\Temp\surefire7659170134885058345\surefirebooter17427929173052659415.jar"/>
    <property name="user.script" value=""/>
    <property name="sun.management.compiler" value="HotSpot 64-Bit Tiered Compilers"/>
    <property name="java.runtime.version" value="11.0.1+13-LTS"/>
    <property name="user.name" value="060328744"/>
    <property name="path.separator" value=";"/>
    <property name="os.version" value="10.0"/>
    <property name="java.runtime.name" value="Java(TM) SE Runtime Environment"/>
    <property name="file.encoding" value="Cp1252"/>
    <property name="java.vm.name" value="Java HotSpot(TM) 64-Bit Server VM"/>
    <property name="java.vendor.version" value="18.9"/>
    <property name="localRepository" value="C:\Users\ABISHEKMOHAN\.m2\repository"/>
    <property name="java.vendor.url.bug" value="http://bugreport.java.com/bugreport/"/>
    <property name="java.io.tmpdir" value="C:\Users\ABISHE~1\AppData\Local\Temp\"/>
    <property name="java.version" value="11.0.1"/>
    <property name="user.dir" value="C:\Users\ABISHEKMOHAN\git\Framework\IOSUI"/>
    <property name="os.arch" value="amd64"/>
    <property name="java.vm.specification.name" value="Java Virtual Machine Specification"/>
    <property name="java.awt.printerjob" value="sun.awt.windows.WPrinterJob"/>
    <property name="sun.os.patch.level" value=""/>
    <property name="java.library.path" value="C:\Program Files\Java\jdk-11.0.1\bin;C:\WINDOWS\Sun\Java\bin;C:\WINDOWS\system32;C:\WINDOWS;C:/Program Files/Java/jdk-11.0.1/bin/server;C:/Program Files/Java/jdk-11.0.1/bin;C:\Program Files (x86)\MKS Toolkit\mksnt;C:\PROGRA~2\MKSTOO~1\bin64;C:\PROGRA~2\MKSTOO~1\bin;C:\PROGRA~2\MKSTOO~1\bin\X11;C:\PROGRA~2\MKSTOO~1\mksnt;C:\IBM\InformationServer\ASBNode\lib\cpp;C:\IBM\InformationServer\ASBNode\apps\proxy\cpp\vc60\MT_dll\bin;C:\Program Files (x86)\Common Files\Oracle\Java\javapath;C:\Program Files (x86)\RSA SecurID Token Common;C:\WINDOWS\system32;C:\WINDOWS;C:\WINDOWS\System32\Wbem;C:\WINDOWS\System32\WindowsPowerShell\v1.0\;C:\WINDOWS\System32\OpenSSH\;C:\Program Files\Java\jdk1.8.0_301\bin;C:\Program Files (x86)\Webex\Webex\Applications;C:\Program Files\TortoiseSVN\bin;C:\Program Files\PuTTY\;C:\Program Files (x86)\Intel\Intel(R) Management Engine Components\DAL;C:\Program Files\Intel\Intel(R) Management Engine Components\DAL;C:\Program Files\Intel\WiFi\bin\;C:\Program Files\Common Files\Intel\WirelessCommon\;C:\Program Files\Amazon\AWSCLIV2\;C:\Program Files\Java\jdk-14.0.2\bin;C:\Program Files\Java\jre1.8.0_261\bin\bin;C:\Program Files\Microsoft SQL Server\130\Tools\Binn\;C:\Program Files\Microsoft SQL Server\Client SDK\ODBC\170\Tools\Binn\;C:\Program Files\dotnet\;C:\Program Files (x86)\dotnet\;C:\Users\ABISHEKMOHAN\AppData\Local\Android\Sdk\tools\bin;C:\Users\ABISHEKMOHAN\AppData\Local\Android\Sdk\tools;C:\Users\ABISHEKMOHAN\AppData\Local\Android\Sdk\platform-tools;C:\Program Files\nodejs\;C:\Users\ABISHEKMOHAN\AppData\Local\Android\Sdk\tools\bin;C:\Program Files\Git\cmd;C:\Program Files\Docker\Docker\resources\bin;C:\ProgramData\DockerDesktop\version-bin;C:\HashiCorp\Vagrant\bin;C:\Users\ABISHEKMOHAN\AppData\Local\Programs\Python\Python38-32\Scripts\;C:\Users\ABISHEKMOHAN\AppData\Local\Programs\Python\Python38-32\;C:\ProgramData\DockerDesktop\version-bin;C:\Program Files\Docker\Docker\Resources\bin;C:\Program Files (x86)\MKS Toolkit\mksnt;C:\PROGRA~2\MKSTOO~1\bin64;C:\PROGRA~2\MKSTOO~1\bin;C:\PROGRA~2\MKSTOO~1\bin\X11;C:\PROGRA~2\MKSTOO~1\mksnt;C:\IBM\InformationServer\ASBNode\lib\cpp;C:\IBM\InformationServer\ASBNode\apps\proxy\cpp\vc60\MT_dll\bin;C:\Program Files (x86)\Common Files\Oracle\Java\javapath;C:\Program Files (x86)\RSA SecurID Token Common;C:\WINDOWS\system32;C:\WINDOWS;C:\WINDOWS\System32\Wbem;C:\WINDOWS\System32\WindowsPowerShell\v1.0\;C:\WINDOWS\System32\OpenSSH\;C:\Program Files\Java\jdk1.8.0_301\bin;C:\Program Files (x86)\Webex\Webex\Applications;C:\Program Files\TortoiseSVN\bin;C:\Program Files\PuTTY\;C:\Program Files (x86)\Intel\Intel(R) Management Engine Components\DAL;C:\Program Files\Intel\Intel(R) Management Engine Components\DAL;C:\Program Files\Intel\WiFi\bin\;C:\Program Files\Com;C:\apache-maven-3.6.3\bin;C:\Users\ABISHEKMOHAN\AppData\Local\Microsoft\WindowsApps;C:\Users\ABISHEKMOHAN\.dotnet\tools;C:\Users\ABISHEKMOHAN\AppData\Local\Programs\Microsoft VS Code\bin;C:\Users\ABISHEKMOHAN\AppData\Roaming\npm;C:\Users\ABISHEKMOHAN\AppData\Local\Android\Sdk\tools\bin;C:\Users\ABISHEKMOHAN\AppData\Local\Android\Sdk\tools;C:\Users\ABISHEKMOHAN\AppData\Local\Android\Sdk\platform-tools;C:\Program Files\Java\jre1.8.0_261\bin\bin;C:\Program Files\Java\jdk-14.0.2\bin;;C:\WINDOWS\System32;;."/>
    <property name="java.vendor" value="Oracle Corporation"/>
    <property name="java.vm.info" value="mixed mode"/>
    <property name="java.vm.version" value="11.0.1+13-LTS"/>
    <property name="sun.io.unicode.encoding" value="UnicodeLittle"/>
    <property name="java.class.version" value="55.0"/>
  </properties>
  <testcase name="subOrder" classname="IOS.iosRetail.SubOrderTest" time="0.011">
    <system-out><![CDATA[subOrder TestCase
]]></system-out>
  </testcase>
  <testcase name="vlanInfo" classname="IOS.iosRetail.VlanInfoTest" time="0.001">
    <system-out><![CDATA[vlanInfo TestCase
]]></system-out>
  </testcase>
  <testcase name="orderSearch" classname="IOS.iosRetail.QuickSearchTest" time="0.001">
    <system-out><![CDATA[orderSearch TestCase
]]></system-out>
  </testcase>
  <testcase name="status" classname="IOS.iosRetail.StatusTest" time="0.001">
    <system-out><![CDATA[status TestCase
]]></system-out>
  </testcase>
  <testcase name="summary" classname="IOS.iosRetail.SummaryTest" time="0">
    <system-out><![CDATA[summary TestCase
]]></system-out>
  </testcase>
  <testcase name="escalation" classname="IOS.iosRetail.EscalationTest" time="0.014">
    <failure message="expected [false] but found [true]" type="java.lang.AssertionError"><![CDATA[java.lang.AssertionError: expected [false] but found [true]
	at IOS.iosRetail.EscalationTest.escalation(EscalationTest.java:11)
]]></failure>
    <system-out><![CDATA[escalation TestCase
]]></system-out>
  </testcase>
  <testcase name="iosInquiries" classname="IOS.iosRetail.IOSInquiriesTest" time="0.001">
    <system-out><![CDATA[iosInquiries TestCase
]]></system-out>
  </testcase>
  <testcase name="hitsInquiries" classname="IOS.iosRetail.HITSInquiriesTest" time="0.001">
    <system-out><![CDATA[hitsInquiries TestCase
]]></system-out>
  </testcase>
</testsuite>